SF:lib\configuration\environment_config.dart
DA:3,2
DA:11,1
DA:12,1
DA:15,1
DA:17,1
DA:22,0
DA:24,3
DA:26,3
LF:8
LH:7
end_of_record
SF:lib\extensions\date_time_extension.dart
DA:4,1
DA:5,1
DA:6,1
DA:9,1
DA:10,1
DA:11,1
DA:14,1
DA:15,1
DA:16,1
DA:19,1
DA:20,1
DA:21,1
LF:12
LH:12
end_of_record
SF:lib\security\cryptography_utils.dart
DA:8,2
DA:9,2
DA:10,2
DA:11,6
DA:13,6
DA:15,2
DA:16,14
DA:19,2
DA:20,10
DA:21,2
DA:22,6
DA:24,4
DA:26,2
LF:13
LH:13
end_of_record
SF:lib\security\model\cryptography_result.dart
DA:6,2
LF:1
LH:1
end_of_record
SF:lib\security\security_repository.dart
DA:9,1
DA:11,1
DA:12,3
DA:15,1
DA:16,4
DA:18,1
DA:21,1
DA:22,4
DA:24,1
LF:9
LH:9
end_of_record
SF:lib\utils\format_utils.dart
DA:10,1
DA:13,1
DA:14,2
DA:20,1
DA:21,1
DA:22,1
DA:25,1
DA:26,1
DA:28,1
DA:29,1
DA:30,3
DA:31,1
DA:32,1
DA:33,3
DA:34,1
DA:40,1
DA:41,1
DA:43,1
DA:44,1
DA:45,3
DA:46,1
DA:47,1
DA:48,3
DA:49,1
DA:55,1
DA:56,1
DA:58,1
DA:59,1
DA:60,3
DA:61,1
LF:30
LH:30
end_of_record
SF:lib\widgets\buttons\checkbox_button.dart
DA:18,1
DA:28,1
DA:30,1
DA:32,1
DA:33,1
DA:34,1
DA:37,1
DA:38,1
DA:39,1
DA:40,1
DA:41,1
DA:43,1
DA:44,1
DA:45,1
DA:47,1
DA:48,2
DA:49,1
DA:50,1
DA:51,1
DA:55,1
DA:56,1
DA:57,1
DA:59,2
DA:62,1
DA:64,1
DA:66,1
LF:26
LH:26
end_of_record
SF:lib\utils\test_utils.dart
DA:4,7
DA:5,7
DA:6,7
LF:3
LH:3
end_of_record
SF:lib\widgets\design\trademaster_detailed_scaffold.dart
DA:7,1
DA:10,0
DA:12,1
DA:14,1
DA:15,1
DA:16,1
DA:17,1
DA:21,3
DA:22,3
DA:24,1
DA:28,3
DA:29,3
DA:31,1
LF:13
LH:12
end_of_record
SF:lib\widgets\buttons\default_button.dart
DA:23,1
DA:37,1
DA:39,1
DA:41,1
DA:42,1
DA:44,1
DA:46,1
DA:47,1
DA:48,1
DA:49,2
DA:50,1
DA:51,1
DA:52,1
DA:53,1
DA:54,4
DA:55,2
DA:56,1
DA:57,1
DA:58,4
DA:59,1
DA:60,1
DA:61,1
DA:63,1
DA:67,1
DA:69,1
DA:70,1
DA:71,1
DA:72,1
DA:76,1
DA:78,2
LF:30
LH:30
end_of_record
SF:lib\configuration\trademaster_fonts.dart
DA:4,2
DA:10,4
DA:16,2
DA:22,2
DA:28,2
DA:34,0
DA:40,0
LF:7
LH:5
end_of_record
SF:lib\widgets\texts\header_text.dart
DA:21,1
DA:31,0
DA:33,1
DA:35,2
DA:38,2
DA:40,6
DA:41,6
DA:43,1
DA:45,1
DA:46,1
DA:48,1
DA:49,1
DA:52,1
DA:53,1
DA:55,3
DA:58,1
DA:60,1
DA:61,1
DA:64,1
DA:65,1
DA:67,3
LF:21
LH:20
end_of_record
SF:lib\widgets\timer\default_timer.dart
DA:21,1
DA:33,1
DA:35,1
DA:37,1
DA:38,1
DA:40,1
DA:41,1
DA:42,1
DA:43,1
DA:44,1
DA:45,1
DA:46,1
DA:47,2
DA:48,1
DA:49,3
DA:51,1
DA:53,1
DA:54,2
DA:55,1
DA:56,1
DA:58,2
LF:21
LH:21
end_of_record
SF:lib\widgets\textfields\default_text_field.dart
DA:34,1
DA:57,1
DA:59,1
DA:61,1
DA:62,1
DA:64,1
DA:65,1
DA:66,1
DA:67,1
DA:69,1
DA:70,1
DA:71,1
DA:72,1
DA:73,1
DA:74,1
DA:75,1
DA:76,1
DA:77,1
DA:78,1
DA:79,1
DA:80,1
DA:81,1
DA:83,2
DA:84,1
DA:85,1
DA:86,2
DA:87,1
DA:88,1
DA:89,1
DA:91,1
DA:92,2
DA:93,1
DA:94,1
DA:95,1
DA:98,1
DA:99,1
DA:100,3
DA:101,1
DA:102,1
DA:103,1
LF:40
LH:40
end_of_record
SF:lib\widgets\toolbar\default_toolbar.dart
DA:14,1
DA:20,1
DA:22,1
DA:24,1
DA:25,1
DA:27,1
DA:29,1
DA:31,1
DA:33,1
DA:34,1
DA:35,1
DA:36,2
DA:38,1
DA:40,1
DA:41,1
DA:42,1
DA:45,1
DA:46,1
DA:50,1
DA:51,1
DA:52,1
DA:54,2
DA:56,1
DA:57,2
LF:24
LH:24
end_of_record
