SF:lib/utils/format_utils.dart
DA:12,1
DA:16,1
DA:17,2
DA:23,1
DA:27,1
DA:28,2
DA:34,2
DA:35,2
DA:36,4
DA:39,1
DA:40,1
DA:42,1
DA:43,1
DA:44,1
DA:45,2
DA:46,1
DA:47,1
DA:48,1
DA:49,2
DA:50,1
DA:56,1
DA:57,1
DA:59,1
DA:60,1
DA:61,1
DA:62,2
DA:63,1
DA:64,1
DA:65,1
DA:66,2
DA:67,1
DA:73,2
DA:74,2
DA:76,2
DA:77,2
DA:78,2
DA:79,4
DA:80,2
DA:85,1
DA:86,1
DA:89,1
DA:90,1
LF:42
LH:42
end_of_record
SF:lib/extensions/tm_date_time_extension.dart
DA:4,1
DA:5,1
DA:6,1
DA:9,1
DA:10,1
DA:11,1
DA:14,1
DA:15,1
DA:16,1
DA:19,1
DA:20,1
DA:21,1
LF:12
LH:12
end_of_record
SF:lib/configuration/environment_config.dart
DA:3,23
DA:11,1
DA:12,1
DA:15,1
DA:17,1
DA:22,0
DA:24,3
DA:26,3
DA:28,3
LF:9
LH:8
end_of_record
SF:lib/configuration/tm_fonts.dart
DA:5,15
DA:7,3
DA:9,15
DA:11,3
DA:13,3
DA:15,0
DA:17,6
DA:19,6
DA:21,0
DA:23,3
DA:25,0
DA:27,6
DA:29,3
DA:31,3
DA:33,3
DA:35,3
DA:37,0
DA:39,6
DA:41,6
DA:43,6
DA:45,3
DA:47,3
DA:49,6
DA:51,3
DA:53,0
LF:25
LH:20
end_of_record
SF:lib/widgets/buttons/tm_checkbox_button.dart
DA:18,1
DA:28,1
DA:30,1
DA:32,1
DA:33,1
DA:34,1
DA:37,1
DA:38,1
DA:39,1
DA:40,1
DA:41,1
DA:43,1
DA:44,1
DA:45,1
DA:47,1
DA:48,2
DA:49,1
DA:50,1
DA:51,1
DA:55,1
DA:56,1
DA:57,1
DA:59,2
DA:62,1
DA:64,1
DA:66,1
LF:26
LH:26
end_of_record
SF:lib/widgets/buttons/tm_default_button.dart
DA:22,1
DA:35,1
DA:37,1
DA:39,1
DA:40,1
DA:42,1
DA:44,1
DA:45,1
DA:46,1
DA:47,2
DA:48,1
DA:49,1
DA:50,3
DA:51,1
DA:52,4
DA:53,2
DA:54,1
DA:55,1
DA:56,4
DA:57,1
DA:58,1
DA:59,1
DA:61,1
DA:65,1
DA:66,1
DA:67,1
DA:71,1
DA:73,2
LF:28
LH:28
end_of_record
SF:lib/widgets/buttons/tm_text_button.dart
DA:15,1
DA:23,1
DA:25,1
DA:27,2
DA:29,1
DA:30,1
DA:31,1
DA:32,1
DA:33,1
DA:34,1
DA:35,6
DA:36,1
DA:37,1
DA:41,3
LF:14
LH:14
end_of_record
SF:lib/widgets/design/tm_design_bottom_lines.dart
DA:5,1
DA:7,1
DA:9,1
DA:13,3
LF:4
LH:4
end_of_record
SF:lib/widgets/design/tm_design_bottom_lines_logo.dart
DA:5,1
DA:7,1
DA:9,1
DA:11,1
DA:12,1
DA:13,1
DA:19,1
DA:21,1
DA:23,1
LF:9
LH:9
end_of_record
SF:lib/widgets/design/tm_design_bottom_lines_logo_secondary.dart
DA:5,1
DA:7,1
DA:9,1
DA:11,1
DA:12,1
DA:13,1
DA:19,1
DA:21,1
DA:23,1
LF:9
LH:9
end_of_record
SF:lib/widgets/design/tm_design_top_lines.dart
DA:16,1
DA:25,0
DA:27,1
DA:29,1
DA:30,1
DA:31,1
DA:32,1
DA:36,3
DA:38,1
DA:39,1
DA:43,3
DA:45,1
DA:46,1
DA:47,1
DA:48,1
DA:49,4
DA:50,1
DA:51,1
LF:18
LH:17
end_of_record
SF:lib/widgets/design/tm_design_top_lines_secondary.dart
DA:5,1
DA:7,1
DA:9,1
DA:13,3
LF:4
LH:4
end_of_record
SF:lib/widgets/design/tm_scaffold.dart
DA:8,2
DA:12,2
DA:14,2
DA:16,2
DA:17,2
DA:18,2
LF:6
LH:6
end_of_record
SF:lib/widgets/dropDown/dropdown_button.dart
DA:22,2
DA:35,2
DA:37,2
DA:38,2
DA:44,6
DA:46,2
DA:48,4
DA:49,6
DA:50,2
DA:52,2
DA:53,2
DA:54,2
DA:56,4
DA:57,4
DA:58,4
DA:59,4
DA:60,4
DA:61,2
DA:63,2
DA:64,6
DA:65,2
DA:68,2
DA:69,2
DA:71,2
DA:72,4
DA:79,4
DA:80,4
DA:81,6
DA:82,4
DA:83,1
DA:84,2
DA:85,2
DA:86,1
DA:89,7
DA:90,1
DA:92,1
DA:94,1
DA:97,2
DA:106,2
DA:107,4
DA:108,2
DA:109,3
LF:42
LH:42
end_of_record
SF:lib/widgets/layoutColumn/tm_layout_column.dart
DA:7,1
DA:10,1
DA:12,1
DA:14,1
DA:15,1
DA:16,1
DA:17,1
DA:18,3
DA:19,3
DA:21,1
DA:22,1
DA:24,1
LF:12
LH:12
end_of_record
SF:lib/widgets/stepper/tm_on_boarding_stepper.dart
DA:20,1
DA:26,0
DA:28,1
DA:30,2
DA:32,2
DA:34,1
DA:35,2
DA:36,1
DA:37,1
DA:38,1
DA:40,1
DA:41,1
DA:42,1
DA:44,1
DA:47,4
DA:50,1
DA:53,4
DA:54,1
DA:56,1
DA:57,1
DA:58,1
DA:59,1
DA:60,1
DA:61,1
DA:65,2
DA:66,1
DA:67,4
DA:70,1
DA:71,2
DA:79,4
DA:80,2
DA:82,1
DA:83,1
DA:84,1
DA:85,1
DA:86,1
DA:87,1
DA:91,2
DA:92,1
DA:93,4
DA:96,1
DA:97,2
DA:98,2
DA:105,1
DA:107,1
DA:108,1
DA:109,1
DA:110,1
DA:111,1
DA:112,1
DA:116,2
DA:117,1
DA:118,4
DA:121,1
DA:122,2
DA:123,2
DA:124,2
DA:136,1
DA:139,1
DA:140,1
DA:144,1
DA:148,1
DA:152,1
DA:163,1
DA:164,3
DA:167,1
DA:168,1
DA:171,1
DA:172,1
DA:174,1
DA:179,1
DA:180,1
DA:182,3
DA:184,1
DA:185,1
DA:186,1
DA:188,1
DA:190,1
DA:191,1
DA:193,1
DA:195,1
DA:196,1
DA:198,1
DA:205,1
DA:206,1
DA:208,6
DA:210,1
LF:87
LH:86
end_of_record
SF:lib/widgets/textfields/tm_default_text_field.dart
DA:48,3
DA:83,3
DA:85,3
DA:86,3
DA:94,3
DA:95,10
DA:104,10
DA:106,3
DA:108,3
DA:109,3
DA:110,3
DA:111,3
DA:112,9
DA:113,3
DA:115,3
DA:116,3
DA:117,6
DA:118,6
DA:119,6
DA:120,6
DA:121,3
DA:122,6
DA:123,9
DA:124,6
DA:125,3
DA:126,6
DA:127,3
DA:128,6
DA:129,6
DA:130,6
DA:131,6
DA:132,3
DA:133,9
DA:134,6
DA:135,4
DA:136,2
DA:137,4
DA:138,3
DA:139,3
DA:141,3
DA:142,9
DA:143,3
DA:144,13
DA:145,13
DA:148,3
DA:149,9
DA:150,3
DA:151,13
DA:152,6
DA:155,3
DA:156,9
DA:157,3
DA:158,6
DA:159,6
DA:162,3
DA:163,6
DA:165,3
DA:166,9
DA:171,3
DA:172,9
DA:177,6
DA:180,3
DA:181,1
DA:184,1
DA:186,3
DA:187,1
DA:188,1
DA:189,2
DA:190,1
DA:191,1
DA:192,1
DA:193,2
DA:194,2
DA:195,4
DA:203,3
DA:209,2
DA:210,2
DA:211,4
DA:214,2
DA:215,4
DA:216,6
DA:217,1
DA:219,6
DA:224,3
DA:225,10
DA:226,9
DA:229,2
DA:230,4
DA:231,4
DA:232,5
DA:233,6
DA:234,3
DA:235,3
DA:236,3
DA:237,0
DA:238,0
DA:241,2
DA:242,4
DA:247,3
DA:248,3
DA:249,1
DA:250,3
DA:251,3
DA:252,9
DA:253,0
DA:254,0
DA:255,0
DA:256,0
DA:257,0
DA:258,9
DA:259,0
DA:260,0
DA:261,0
DA:265,3
DA:266,6
DA:267,6
DA:268,14
DA:269,9
DA:270,3
DA:271,12
DA:272,3
DA:273,6
DA:274,2
DA:280,0
DA:281,0
DA:282,0
DA:284,0
DA:285,0
DA:289,0
DA:290,0
DA:291,0
DA:293,0
DA:294,0
LF:133
LH:113
end_of_record
SF:lib/widgets/texts/tm_header_text.dart
DA:21,1
DA:31,0
DA:33,1
DA:35,2
DA:38,2
DA:40,6
DA:41,6
DA:43,1
DA:45,1
DA:46,1
DA:48,1
DA:49,1
DA:53,1
DA:54,1
DA:56,3
DA:59,1
DA:61,1
DA:62,1
DA:65,1
DA:66,1
DA:68,3
LF:21
LH:20
end_of_record
SF:lib/widgets/timer/tm_default_timer.dart
DA:23,1
DA:35,1
DA:37,1
DA:38,1
DA:45,1
DA:47,1
DA:48,1
DA:51,1
DA:52,3
DA:53,1
DA:54,0
DA:57,3
DA:58,1
DA:59,2
DA:60,2
DA:61,2
DA:63,2
DA:64,2
DA:69,0
DA:74,1
DA:76,2
DA:80,1
DA:81,1
DA:82,1
DA:84,2
DA:85,1
DA:86,2
DA:87,3
DA:88,7
DA:90,1
DA:92,1
DA:93,1
DA:95,1
DA:96,2
DA:97,5
LF:35
LH:33
end_of_record
SF:lib/widgets/toast/tm_toast.dart
DA:10,0
DA:11,0
DA:21,0
DA:24,0
DA:25,0
DA:35,0
DA:38,0
DA:39,0
DA:40,0
DA:49,0
DA:52,0
DA:53,0
DA:63,0
DA:66,0
DA:74,0
DA:75,0
DA:77,0
DA:78,0
DA:79,0
DA:80,0
DA:82,0
DA:85,0
DA:87,0
DA:89,0
DA:96,0
DA:100,0
DA:101,0
DA:108,0
LF:28
LH:0
end_of_record
SF:lib/widgets/toolbar/tm_default_toolbar.dart
DA:15,3
DA:22,3
DA:24,3
DA:26,3
DA:28,3
DA:29,3
DA:30,12
DA:33,3
DA:34,3
DA:35,3
DA:37,3
DA:38,3
DA:39,3
DA:42,3
DA:43,3
DA:44,3
DA:47,3
DA:48,3
DA:51,3
DA:52,3
DA:55,3
DA:56,3
DA:58,3
LF:23
LH:23
end_of_record
SF:lib/utils/test_utils.dart
DA:4,20
DA:5,20
DA:6,20
LF:3
LH:3
end_of_record
SF:lib/widgets/iconFlag/tm_icon_flag.dart
DA:8,1
DA:12,0
DA:14,1
DA:16,1
DA:18,1
DA:19,1
DA:20,2
DA:23,1
DA:27,1
DA:29,1
DA:32,1
LF:11
LH:10
end_of_record
SF:lib/widgets/address/address_widget.dart
DA:27,1
DA:34,1
DA:36,1
DA:37,1
DA:55,1
DA:57,2
DA:58,3
DA:60,1
DA:63,1
DA:64,2
DA:65,1
DA:67,3
DA:69,2
DA:70,1
DA:71,1
DA:72,1
DA:73,1
DA:74,1
DA:79,2
DA:80,1
DA:82,2
DA:85,1
DA:86,4
DA:87,3
DA:88,3
DA:89,3
DA:90,3
DA:91,3
DA:92,2
DA:93,2
DA:95,1
DA:96,1
DA:99,1
DA:100,1
DA:101,3
DA:105,1
DA:107,1
DA:109,1
DA:110,1
DA:111,1
DA:113,1
DA:115,2
DA:118,1
DA:119,1
DA:120,1
DA:121,2
DA:122,1
DA:124,1
DA:125,4
DA:126,2
DA:127,1
DA:130,1
DA:133,1
DA:134,2
DA:136,3
DA:139,2
DA:142,1
DA:143,1
DA:151,1
DA:153,1
DA:156,0
DA:157,0
DA:158,0
DA:160,3
DA:161,1
DA:164,2
DA:165,1
DA:170,1
DA:172,1
DA:174,1
DA:175,1
DA:177,1
DA:179,0
DA:180,0
DA:181,0
DA:183,3
DA:184,1
DA:188,2
DA:189,1
DA:193,1
DA:194,2
DA:198,1
DA:200,1
DA:203,1
DA:204,2
DA:205,1
DA:207,3
DA:208,1
DA:217,1
DA:219,1
DA:222,1
DA:223,2
DA:224,1
DA:226,3
DA:227,1
DA:230,2
DA:231,1
DA:236,1
DA:238,1
DA:240,1
DA:241,1
DA:243,1
DA:246,1
DA:247,2
DA:248,1
DA:250,3
DA:251,1
DA:254,2
DA:255,1
DA:260,1
DA:262,1
DA:264,0
DA:265,0
DA:266,0
DA:268,3
DA:269,4
DA:271,1
LF:117
LH:108
end_of_record
SF:lib/widgets/address/models/address.dart
DA:15,1
DA:25,0
DA:26,0
DA:32,0
DA:33,0
DA:35,0
LF:6
LH:1
end_of_record
SF:lib/widgets/address/models/address.g.dart
DA:9,0
DA:10,0
DA:11,0
DA:12,0
DA:13,0
DA:14,0
DA:15,0
DA:16,0
DA:17,0
DA:21,0
DA:22,0
DA:23,0
DA:24,0
DA:25,0
DA:26,0
DA:27,0
DA:28,0
LF:17
LH:0
end_of_record
SF:lib/utils/static_data_utils.dart
DA:4,3
LF:1
LH:1
end_of_record
SF:lib/widgets/loading/rotate_sticks.dart
DA:6,1
DA:11,0
DA:17,0
DA:18,0
DA:24,0
DA:26,0
DA:28,0
DA:31,0
DA:33,0
DA:34,0
DA:37,0
DA:39,0
DA:40,0
DA:41,0
DA:42,0
DA:43,0
DA:44,0
DA:47,0
LF:18
LH:1
end_of_record
SF:lib/widgets/sliders/tm_percentage_slider.dart
DA:39,1
DA:58,1
DA:60,1
DA:61,1
DA:73,1
DA:75,1
DA:76,4
DA:77,8
DA:80,1
DA:81,2
DA:82,5
DA:84,4
DA:85,1
DA:88,1
DA:89,2
DA:90,3
DA:92,4
DA:93,1
DA:96,1
DA:97,2
DA:98,2
DA:100,4
DA:101,1
DA:104,1
DA:105,2
DA:106,2
DA:107,0
DA:108,0
DA:109,0
DA:110,2
DA:111,0
DA:112,0
DA:113,0
DA:115,2
DA:118,4
DA:121,1
DA:123,1
DA:124,1
DA:126,1
DA:127,2
DA:128,2
DA:130,1
DA:132,1
DA:133,1
DA:134,1
DA:136,1
DA:138,1
DA:139,1
DA:142,2
DA:143,1
DA:144,1
DA:145,2
DA:146,2
DA:147,1
DA:148,1
DA:149,2
DA:158,1
DA:159,1
DA:160,5
DA:161,1
DA:162,1
DA:163,2
DA:165,0
DA:167,1
DA:169,2
DA:170,1
DA:171,0
DA:172,2
DA:173,1
DA:174,1
DA:175,1
DA:177,0
DA:191,1
DA:194,2
DA:195,1
DA:196,1
DA:197,2
DA:198,2
DA:199,1
DA:200,1
DA:201,2
DA:213,1
DA:216,1
DA:217,1
DA:218,1
DA:219,1
DA:220,2
DA:222,7
DA:228,1
DA:231,1
DA:232,1
DA:233,1
DA:234,2
DA:235,1
DA:239,1
DA:242,1
DA:243,2
DA:248,1
DA:252,1
DA:255,1
DA:256,2
DA:261,1
DA:262,2
DA:267,2
DA:268,2
DA:269,2
DA:271,1
DA:272,2
DA:273,1
DA:274,2
DA:275,2
DA:283,1
DA:286,1
DA:287,1
DA:288,1
DA:289,1
DA:290,2
DA:292,2
DA:293,1
DA:294,4
DA:306,1
DA:307,3
DA:308,2
DA:309,0
DA:314,1
DA:315,6
LF:126
LH:116
end_of_record
